<?xml version="1.0" encoding="UTF-8"?>
<testng-results skipped="0" failed="0" ignored="0" total="1" passed="1">
  <reporter-output>
  </reporter-output>
  <suite name="Default suite" duration-ms="2882" started-at="2020-07-21T16:43:31 IST" finished-at="2020-07-21T16:43:33 IST">
    <groups>
    </groups>
    <test name="Default test" duration-ms="2882" started-at="2020-07-21T16:43:31 IST" finished-at="2020-07-21T16:43:33 IST">
      <class name="Basics.APITest">
        <test-method status="PASS" signature="basicApiTest()[pri:0, instance:Basics.APITest@1f28c152]" name="basicApiTest" duration-ms="2835" started-at="2020-07-21T16:43:31 IST" finished-at="2020-07-21T16:43:33 IST">
          <reporter-output>
          </reporter-output>
        </test-method> <!-- basicApiTest -->
      </class> <!-- Basics.APITest -->
    </test> <!-- Default test -->
  </suite> <!-- Default suite -->
</testng-results>
